2022/11/01 19:42:13 [notice] 1#1: using the "epoll" event method
2022/11/01 19:42:13 [notice] 1#1: nginx/1.23.2
2022/11/01 19:42:13 [notice] 1#1: built by gcc 11.2.1 20220219 (Alpine 11.2.1_git20220219) 
2022/11/01 19:42:13 [notice] 1#1: OS: Linux 5.10.124-linuxkit
2022/11/01 19:42:13 [notice] 1#1: getrlimit(RLIMIT_NOFILE): 1048576:1048576
2022/11/01 19:42:13 [notice] 1#1: start worker processes
2022/11/01 19:42:13 [notice] 1#1: start worker process 20
2022/11/01 19:42:13 [notice] 1#1: start worker process 21
2022/11/01 19:42:13 [notice] 1#1: start worker process 22
2022/11/01 19:42:13 [notice] 1#1: start worker process 23
2022/11/01 19:55:54 [notice] 1#1: signal 3 (SIGQUIT) received, shutting down
2022/11/01 19:55:54 [notice] 20#20: gracefully shutting down
2022/11/01 19:55:54 [notice] 23#23: gracefully shutting down
2022/11/01 19:55:54 [notice] 22#22: gracefully shutting down
2022/11/01 19:55:54 [notice] 21#21: gracefully shutting down
2022/11/01 19:55:54 [notice] 20#20: exiting
2022/11/01 19:55:54 [notice] 21#21: exiting
2022/11/01 19:55:54 [notice] 23#23: exiting
2022/11/01 19:55:54 [notice] 22#22: exiting
2022/11/01 19:55:54 [notice] 20#20: exit
2022/11/01 19:55:54 [notice] 21#21: exit
2022/11/01 19:56:39 [notice] 1#1: using the "epoll" event method
2022/11/01 19:56:39 [notice] 1#1: nginx/1.23.2
2022/11/01 19:56:39 [notice] 1#1: built by gcc 11.2.1 20220219 (Alpine 11.2.1_git20220219) 
2022/11/01 19:56:39 [notice] 1#1: OS: Linux 5.10.124-linuxkit
2022/11/01 19:56:39 [notice] 1#1: getrlimit(RLIMIT_NOFILE): 1048576:1048576
2022/11/01 19:56:39 [notice] 1#1: start worker processes
2022/11/01 19:56:39 [notice] 1#1: start worker process 21
2022/11/01 19:56:39 [notice] 1#1: start worker process 22
2022/11/01 19:56:39 [notice] 1#1: start worker process 23
2022/11/01 19:56:39 [notice] 1#1: start worker process 24
2022/11/01 19:57:51 [notice] 1#1: signal 3 (SIGQUIT) received, shutting down
2022/11/01 19:57:51 [notice] 21#21: gracefully shutting down
2022/11/01 19:57:51 [notice] 24#24: gracefully shutting down
2022/11/01 19:57:51 [notice] 24#24: exiting
2022/11/01 19:57:51 [notice] 22#22: gracefully shutting down
2022/11/01 19:57:51 [notice] 22#22: exiting
2022/11/01 19:57:51 [notice] 23#23: gracefully shutting down
2022/11/01 19:57:51 [notice] 21#21: exiting
2022/11/01 19:57:51 [notice] 24#24: exit
2022/11/01 19:57:51 [notice] 22#22: exit
2022/11/01 19:57:51 [notice] 23#23: exiting
2022/11/01 19:57:51 [notice] 21#21: exit
2022/11/01 19:57:51 [notice] 23#23: exit
2022/11/01 20:00:43 [notice] 1#1: using the "epoll" event method
2022/11/01 20:00:43 [notice] 1#1: nginx/1.23.2
2022/11/01 20:00:43 [notice] 1#1: built by gcc 11.2.1 20220219 (Alpine 11.2.1_git20220219) 
2022/11/01 20:00:43 [notice] 1#1: OS: Linux 5.10.124-linuxkit
2022/11/01 20:00:43 [notice] 1#1: getrlimit(RLIMIT_NOFILE): 1048576:1048576
2022/11/01 20:00:43 [notice] 1#1: start worker processes
2022/11/01 20:00:43 [notice] 1#1: start worker process 20
2022/11/01 20:00:43 [notice] 1#1: start worker process 21
2022/11/01 20:00:43 [notice] 1#1: start worker process 22
2022/11/01 20:00:43 [notice] 1#1: start worker process 23
2022/11/01 20:01:24 [notice] 1#1: signal 3 (SIGQUIT) received, shutting down
2022/11/01 20:01:24 [notice] 20#20: gracefully shutting down
2022/11/01 20:01:24 [notice] 21#21: gracefully shutting down
2022/11/01 20:02:25 [notice] 1#1: using the "epoll" event method
2022/11/01 20:02:25 [notice] 1#1: nginx/1.23.2
2022/11/01 20:02:25 [notice] 1#1: built by gcc 11.2.1 20220219 (Alpine 11.2.1_git20220219) 
2022/11/01 20:02:25 [notice] 1#1: OS: Linux 5.10.124-linuxkit
2022/11/01 20:02:25 [notice] 1#1: getrlimit(RLIMIT_NOFILE): 1048576:1048576
2022/11/01 20:02:25 [notice] 1#1: start worker processes
2022/11/01 20:02:25 [notice] 1#1: start worker process 21
2022/11/01 20:02:25 [notice] 1#1: start worker process 22
2022/11/01 20:02:25 [notice] 1#1: start worker process 23
2022/11/01 20:02:25 [notice] 1#1: start worker process 24
2022/11/01 20:19:13 [notice] 1#1: signal 3 (SIGQUIT) received, shutting down
2022/11/01 20:19:13 [notice] 21#21: gracefully shutting down
2022/11/01 20:19:13 [notice] 22#22: gracefully shutting down
2022/11/01 20:19:13 [notice] 23#23: gracefully shutting down
2022/11/01 20:19:13 [notice] 23#23: exiting
2022/11/01 20:19:13 [notice] 24#24: gracefully shutting down
2022/11/01 20:19:13 [notice] 21#21: exiting
2022/11/01 20:19:13 [notice] 22#22: exiting
2022/11/01 20:19:13 [notice] 23#23: exit
2022/11/01 20:19:13 [notice] 24#24: exiting
2022/11/01 20:19:13 [notice] 24#24: exit
2022/11/01 20:19:13 [notice] 21#21: exit
2022/11/01 20:19:32 [notice] 1#1: using the "epoll" event method
2022/11/01 20:19:32 [notice] 1#1: nginx/1.23.2
2022/11/01 20:19:32 [notice] 1#1: built by gcc 11.2.1 20220219 (Alpine 11.2.1_git20220219) 
2022/11/01 20:19:32 [notice] 1#1: OS: Linux 5.10.124-linuxkit
2022/11/01 20:19:32 [notice] 1#1: getrlimit(RLIMIT_NOFILE): 1048576:1048576
2022/11/01 20:19:32 [notice] 1#1: start worker processes
2022/11/01 20:19:32 [notice] 1#1: start worker process 20
2022/11/01 20:19:32 [notice] 1#1: start worker process 21
2022/11/01 20:19:32 [notice] 1#1: start worker process 22
2022/11/01 20:19:32 [notice] 1#1: start worker process 23
2022/11/01 20:28:18 [notice] 1#1: signal 3 (SIGQUIT) received, shutting down
2022/11/01 20:28:18 [notice] 21#21: gracefully shutting down
2022/11/01 20:28:18 [notice] 21#21: exiting
2022/11/01 20:28:18 [notice] 20#20: gracefully shutting down
2022/11/01 20:28:18 [notice] 22#22: gracefully shutting down
2022/11/01 20:28:18 [notice] 22#22: exiting
2022/11/01 20:28:18 [notice] 23#23: gracefully shutting down
2022/11/01 20:28:18 [notice] 21#21: exit
2022/11/01 20:28:18 [notice] 20#20: exiting
2022/11/01 20:28:18 [notice] 22#22: exit
2022/11/01 20:28:18 [notice] 23#23: exiting
2022/11/01 20:28:18 [notice] 23#23: exit
2022/11/01 20:28:18 [notice] 20#20: exit
2022/11/01 20:28:18 [notice] 1#1: signal 17 (SIGCHLD) received from 21
2022/11/01 20:28:18 [notice] 1#1: worker process 21 exited with code 0
2022/11/01 20:28:18 [notice] 1#1: signal 29 (SIGIO) received
2022/11/01 20:28:18 [notice] 1#1: signal 17 (SIGCHLD) received from 22
2022/11/01 20:28:18 [notice] 1#1: worker process 22 exited with code 0
2022/11/01 20:28:18 [notice] 1#1: signal 29 (SIGIO) received
2022/11/01 20:28:18 [notice] 1#1: signal 17 (SIGCHLD) received from 23
2022/11/01 20:28:18 [notice] 1#1: worker process 23 exited with code 0
2022/11/01 20:28:18 [notice] 1#1: signal 29 (SIGIO) received
2022/11/01 20:28:18 [notice] 1#1: signal 17 (SIGCHLD) received from 20
2022/11/01 20:28:18 [notice] 1#1: worker process 20 exited with code 0
2022/11/01 20:28:18 [notice] 1#1: exit
2022/11/01 20:28:24 [notice] 1#1: using the "epoll" event method
2022/11/01 20:28:24 [notice] 1#1: nginx/1.23.2
2022/11/01 20:28:24 [notice] 1#1: built by gcc 11.2.1 20220219 (Alpine 11.2.1_git20220219) 
2022/11/01 20:28:24 [notice] 1#1: OS: Linux 5.10.124-linuxkit
2022/11/01 20:28:24 [notice] 1#1: getrlimit(RLIMIT_NOFILE): 1048576:1048576
2022/11/01 20:28:24 [notice] 1#1: start worker processes
2022/11/01 20:28:24 [notice] 1#1: start worker process 19
2022/11/01 20:28:24 [notice] 1#1: start worker process 20
2022/11/01 20:28:24 [notice] 1#1: start worker process 21
2022/11/01 20:28:24 [notice] 1#1: start worker process 22
